<?xml version="1.0" encoding="UTF-8"?>
<testsuite xmlns:xsi="http://www.w3.org/2001/XMLSchema-instance" xsi:noNamespaceSchemaLocation="https://maven.apache.org/surefire/maven-surefire-plugin/xsd/surefire-test-report.xsd" name="com.wgx.dormitorymanager2.DormitoryManager2ApplicationTests" time="9.858" tests="9" errors="0" skipped="0" failures="0">
  <properties>
[...]
</properties>
  <testcase name="testRepairInfoMapper" classname="com.wgx.dormitorymanager2.DormitoryManager2ApplicationTests" time="0.406"/>
  <testcase name="testRedis" classname="com.wgx.dormitorymanager2.DormitoryManager2ApplicationTests" time="2.114"/>
  <testcase name="testUUID" classname="com.wgx.dormitorymanager2.DormitoryManager2ApplicationTests" time="0.01"/>
  <testcase name="testRepairMapper" classname="com.wgx.dormitorymanager2.DormitoryManager2ApplicationTests" time="1.195"/>
  <testcase name="testDormitoryAnnouncementService" classname="com.wgx.dormitorymanager2.DormitoryManager2ApplicationTests" time="0.009"/>
  <testcase name="contextLoads" classname="com.wgx.dormitorymanager2.DormitoryManager2ApplicationTests" time="0.005"/>
  <testcase name="testRepairService" classname="com.wgx.dormitorymanager2.DormitoryManager2ApplicationTests" time="0.069"/>
  <testcase name="testMapper" classname="com.wgx.dormitorymanager2.DormitoryManager2ApplicationTests" time="0.006"/>
  <testcase name="testPaymentInfo" classname="com.wgx.dormitorymanager2.DormitoryManager2ApplicationTests" time="0.029"/>
</testsuite>